Using pre-set license
Desktop is 1600 x 900 @ 60 Hz

 COMMAND LINE ARGUMENTS:
Unity
-adb2
-batchMode
-noUpm
-name
AssetImportWorker0
-projectPath
/home/caroline/Hackathon 2
-logFile
Logs/AssetImportWorker0.log
-srvPort
36643
Successfully changed project path to: /home/caroline/Hackathon 2
/home/caroline/Hackathon 2
Using Asset Import Pipeline V2.
Refreshing native plugins compatible for Editor in 48,31 ms, found 1 plugins.
Preloading 0 native plugins for Editor in 0,00 ms.
Initialize engine version: 2020.3.2f1 (8fd9074bf66c)
[Subsystems] Discovering subsystems at path /home/caroline/Unity/Hub/Editor/2020.3.2f1/Editor/Data/Resources/UnitySubsystems
[Subsystems] Discovering subsystems at path /home/caroline/Hackathon 2/Assets
GLX Extensions: GLX_ARB_create_context GLX_ARB_create_context_no_error GLX_ARB_create_context_profile GLX_ARB_create_context_robustness GLX_ARB_fbconfig_float GLX_ARB_framebuffer_sRGB GLX_ARB_get_proc_address GLX_ARB_multisample GLX_EXT_buffer_age GLX_EXT_create_context_es2_profile GLX_EXT_create_context_es_profile GLX_EXT_fbconfig_packed_float GLX_EXT_framebuffer_sRGB GLX_EXT_import_context GLX_EXT_texture_from_pixmap GLX_EXT_visual_info GLX_EXT_visual_rating GLX_INTEL_swap_event GLX_MESA_copy_sub_buffer GLX_MESA_query_renderer GLX_MESA_swap_control GLX_OML_swap_method GLX_OML_sync_control GLX_SGIS_multisample GLX_SGIX_fbconfig GLX_SGIX_pbuffer GLX_SGIX_visual_select_group GLX_SGI_make_current_read GLX_SGI_swap_control GLX_SGI_video_sync 
Renderer: Mesa DRI Intel(R) HD Graphics 4600 (HSW GT2)
Vendor:   Intel Open Source Technology Center
Version:  4.5 (Core Profile) Mesa 20.2.6
GLES:     0
 GL_3DFX_texture_compression_FXT1 GL_AMD_conservative_depth GL_AMD_draw_buffers_blend GL_AMD_multi_draw_indirect GL_AMD_query_buffer_object GL_AMD_seamless_cubemap_per_texture GL_AMD_shader_trinary_minmax GL_AMD_texture_texture4 GL_AMD_vertex_shader_layer GL_AMD_vertex_shader_viewport_index GL_ANGLE_texture_compression_dxt3 GL_ANGLE_texture_compression_dxt5 GL_APPLE_object_purgeable GL_ARB_ES2_compatibility GL_ARB_ES3_1_compatibility GL_ARB_ES3_compatibility GL_ARB_arrays_of_arrays GL_ARB_base_instance GL_ARB_blend_func_extended GL_ARB_buffer_storage GL_ARB_clear_buffer_object GL_ARB_clear_texture GL_ARB_clip_control GL_ARB_compressed_texture_pixel_storage GL_ARB_compute_shader GL_ARB_compute_variable_group_size GL_ARB_conditional_render_inverted GL_ARB_conservative_depth GL_ARB_copy_buffer GL_ARB_copy_image GL_ARB_cull_distance GL_ARB_debug_output GL_ARB_depth_buffer_float GL_ARB_depth_clamp GL_ARB_derivative_control GL_ARB_direct_state_access GL_ARB_draw_buffers GL_ARB_draw_buffers_blend GL_ARB_draw_elemen
ts_base_vertex GL_ARB_draw_indirect GL_ARB_draw_instanced GL_ARB_enhanced_layouts GL_ARB_explicit_attrib_location GL_ARB_explicit_uniform_location GL_ARB_fragment_coord_conventions GL_ARB_fragment_layer_viewport GL_ARB_fragment_shader GL_ARB_framebuffer_no_attachments GL_ARB_framebuffer_object GL_ARB_framebuffer_sRGB GL_ARB_get_program_binary GL_ARB_get_texture_sub_image GL_ARB_gl_spirv GL_ARB_gpu_shader5 GL_ARB_gpu_shader_fp64 GL_ARB_half_float_pixel GL_ARB_half_float_vertex GL_ARB_indirect_parameters GL_ARB_instanced_arrays GL_ARB_internalformat_query GL_ARB_internalformat_query2 GL_ARB_invalidate_subdata GL_ARB_map_buffer_alignment GL_ARB_map_buffer_range GL_ARB_multi_bind GL_ARB_multi_draw_indirect GL_ARB_occlusion_query2 GL_ARB_parallel_shader_compile GL_ARB_pipeline_statistics_query GL_ARB_pixel_buffer_object GL_ARB_point_sprite GL_ARB_polygon_offset_clamp GL_ARB_program_interface_query GL_ARB_provoking_vertex GL_ARB_query_buffer_object GL_ARB_robust_buffer_access_behavior GL_ARB_robustness GL_ARB_samp
le_shading GL_ARB_sampler_objects GL_ARB_seamless_cube_map GL_ARB_seamless_cubemap_per_texture GL_ARB_separate_shader_objects GL_ARB_shader_atomic_counter_ops GL_ARB_shader_atomic_counters GL_ARB_shader_bit_encoding GL_ARB_shader_clock GL_ARB_shader_draw_parameters GL_ARB_shader_group_vote GL_ARB_shader_image_load_store GL_ARB_shader_image_size GL_ARB_shader_objects GL_ARB_shader_precision GL_ARB_shader_storage_buffer_object GL_ARB_shader_subroutine GL_ARB_shader_texture_image_samples GL_ARB_shader_texture_lod GL_ARB_shader_viewport_layer_array GL_ARB_shading_language_420pack GL_ARB_shading_language_include GL_ARB_shading_language_packing GL_ARB_spirv_extensions GL_ARB_stencil_texturing GL_ARB_sync GL_ARB_tessellation_shader GL_ARB_texture_barrier GL_ARB_texture_buffer_object GL_ARB_texture_buffer_object_rgb32 GL_ARB_texture_buffer_range GL_ARB_texture_compression_bptc GL_ARB_texture_compression_rgtc GL_ARB_texture_cube_map_array GL_ARB_texture_filter_anisotropic GL_ARB_texture_float GL_ARB_texture_gather GL
_ARB_texture_mirror_clamp_to_edge GL_ARB_texture_multisample GL_ARB_texture_non_power_of_two GL_ARB_texture_query_levels GL_ARB_texture_query_lod GL_ARB_texture_rectangle GL_ARB_texture_rg GL_ARB_texture_rgb10_a2ui GL_ARB_texture_stencil8 GL_ARB_texture_storage GL_ARB_texture_storage_multisample GL_ARB_texture_swizzle GL_ARB_texture_view GL_ARB_timer_query GL_ARB_transform_feedback2 GL_ARB_transform_feedback3 GL_ARB_transform_feedback_instanced GL_ARB_transform_feedback_overflow_query GL_ARB_uniform_buffer_object GL_ARB_vertex_array_bgra GL_ARB_vertex_array_object GL_ARB_vertex_attrib_64bit GL_ARB_vertex_attrib_binding GL_ARB_vertex_buffer_object GL_ARB_vertex_shader GL_ARB_vertex_type_10f_11f_11f_rev GL_ARB_vertex_type_2_10_10_10_rev GL_ARB_viewport_array GL_ATI_blend_equation_separate GL_ATI_texture_float GL_EXT_EGL_image_storage GL_EXT_EGL_sync GL_EXT_abgr GL_EXT_blend_equation_separate GL_EXT_demote_to_helper_invocation GL_EXT_draw_buffers2 GL_EXT_draw_instanced GL_EXT_framebuffer_blit GL_EXT_framebuffer
_multisample GL_EXT_framebuffer_multisample_blit_scaled GL_EXT_framebuffer_object GL_EXT_framebuffer_sRGB GL_EXT_packed_depth_stencil GL_EXT_packed_float GL_EXT_pixel_buffer_object GL_EXT_polygon_offset_clamp GL_EXT_provoking_vertex GL_EXT_shader_framebuffer_fetch_non_coherent GL_EXT_shader_integer_mix GL_EXT_shader_samples_identical GL_EXT_texture_array GL_EXT_texture_compression_dxt1 GL_EXT_texture_compression_rgtc GL_EXT_texture_compression_s3tc GL_EXT_texture_filter_anisotropic GL_EXT_texture_integer GL_EXT_texture_sRGB GL_EXT_texture_sRGB_R8 GL_EXT_texture_sRGB_decode GL_EXT_texture_shadow_lod GL_EXT_texture_shared_exponent GL_EXT_texture_snorm GL_EXT_texture_swizzle GL_EXT_timer_query GL_EXT_transform_feedback GL_EXT_vertex_array_bgra GL_EXT_vertex_attrib_64bit GL_IBM_multimode_draw_arrays GL_INTEL_blackhole_render GL_INTEL_performance_query GL_KHR_blend_equation_advanced GL_KHR_context_flush_control GL_KHR_debug GL_KHR_no_error GL_KHR_parallel_shader_compile GL_KHR_robust_buffer_access_behavior GL_KHR
_robustness GL_MESA_framebuffer_flip_y GL_MESA_pack_invert GL_MESA_shader_integer_functions GL_MESA_texture_signed_rgba GL_NV_compute_shader_derivatives GL_NV_conditional_render GL_NV_depth_clamp GL_NV_packed_depth_stencil GL_NV_texture_barrier GL_OES_EGL_image GL_S3_s3tc
OPENGL LOG: Creating OpenGL 4.5 graphics device ; Context level  <OpenGL 4.5> ; Context handle -370047488
Initialize mono
Mono path[0] = '/home/caroline/Unity/Hub/Editor/2020.3.2f1/Editor/Data/Managed'
Mono path[1] = '/home/caroline/Unity/Hub/Editor/2020.3.2f1/Editor/Data/MonoBleedingEdge/lib/mono/unityjit'
Mono config path = '/home/caroline/Unity/Hub/Editor/2020.3.2f1/Editor/Data/MonoBleedingEdge/etc'
Using monoOptions --debugger-agent=transport=dt_socket,embedding=1,server=y,suspend=n,address=127.0.0.1:56439
Begin MonoManager ReloadAssembly
Registering precompiled unity dll's ...
Register platform support module: /home/caroline/Unity/Hub/Editor/2020.3.2f1/Editor/Data/PlaybackEngines/LinuxStandaloneSupport/UnityEditor.LinuxStandalone.Extensions.dll
Registered in 0,001705 seconds.
Native extension for LinuxStandalone target not found
Refreshing native plugins compatible for Editor in 46,17 ms, found 1 plugins.
Preloading 0 native plugins for Editor in 0,00 ms.
Invoked RoslynAnalysisRunner static constructor.
RoslynAnalysisRunner will not be running.
RoslynAnalysisRunner has terminated.
Mono: successfully reloaded assembly
- Completed reload, in  1,398 seconds
Platform modules already initialized, skipping
Registering precompiled user dll's ...
Registered in 0,000761 seconds.
Begin MonoManager ReloadAssembly
Native extension for LinuxStandalone target not found
Refreshing native plugins compatible for Editor in 45,41 ms, found 1 plugins.
Preloading 0 native plugins for Editor in 0,00 ms.
Invoked RoslynAnalysisRunner static constructor.
RoslynAnalysisRunner will not be running.
RoslynAnalysisRunner has terminated.
Mono: successfully reloaded assembly
- Completed reload, in  1,189 seconds
Platform modules already initialized, skipping
========================================================================
Worker process is ready to serve import requests
Launched and connected shader compiler UnityShaderCompiler after 0.01 seconds
Refreshing native plugins compatible for Editor in 0,44 ms, found 1 plugins.
Preloading 0 native plugins for Editor in 0,00 ms.
Unloading 1816 Unused Serialized files (Serialized files now loaded: 0)
System memory in use before: 79,3 MB.
System memory in use after: 79,3 MB.

Unloading 24 unused Assets to reduce memory usage. Loaded Objects now: 2258.
Total: 6,156688 ms (FindLiveObjects: 0,302127 ms CreateObjectMapping: 0,269218 ms MarkObjects: 5,072787 ms  DeleteObjects: 0,510449 ms)

========================================================================
Received Import Request.
  path: Assets/Palettes/tilesheet2.prefab
  artifactKey: Guid(2b30b5f25c093062984b4e910f1a6445) Importer(815301076,1909f56bfc062723c751e8b465ee728b)
Start importing Assets/Palettes/tilesheet2.prefab using Guid(2b30b5f25c093062984b4e910f1a6445) Importer(815301076,1909f56bfc062723c751e8b465ee728b)  -> (artifact id: '31d6177772f2bac62a9f48d81d0a5cd3') in 0,044954 seconds
  Import took 0,051268 seconds .

========================================================================
Received Import Request.
  Time since last request: 0,008320 seconds.
  path: Assets/Palettes/tilesheet2.prefab
  artifactKey: Guid(2b30b5f25c093062984b4e910f1a6445) Importer(815301076,1909f56bfc062723c751e8b465ee728b)
Start importing Assets/Palettes/tilesheet2.prefab using Guid(2b30b5f25c093062984b4e910f1a6445) Importer(815301076,1909f56bfc062723c751e8b465ee728b)  -> (artifact id: '31d6177772f2bac62a9f48d81d0a5cd3') in 0,002529 seconds
  Import took 0,006823 seconds .

========================================================================
Received Import Request.
  Time since last request: 31,249471 seconds.
  path: Assets/imports/chicken_white_v1_0_by_diarandor-dbunq9g.png
  artifactKey: Guid(9454cd52531c2fb2895599aa94bb1936) Importer(815301076,1909f56bfc062723c751e8b465ee728b)
Start importing Assets/imports/chicken_white_v1_0_by_diarandor-dbunq9g.png using Guid(9454cd52531c2fb2895599aa94bb1936) Importer(815301076,1909f56bfc062723c751e8b465ee728b)  -> (artifact id: '6f6aa062a82429c81c8a8d5294eaf23b') in 0,068060 seconds
  Import took 0,073410 seconds .

========================================================================
Received Import Request.
  Time since last request: 31,500554 seconds.
  path: Assets/imports/chicken_white_v1_0_by_diarandor-dbunq9g.png
  artifactKey: Guid(9454cd52531c2fb2895599aa94bb1936) Importer(815301076,1909f56bfc062723c751e8b465ee728b)
Start importing Assets/imports/chicken_white_v1_0_by_diarandor-dbunq9g.png using Guid(9454cd52531c2fb2895599aa94bb1936) Importer(815301076,1909f56bfc062723c751e8b465ee728b)  -> (artifact id: '485f9c393bc8724cd2d623739832f942') in 0,005571 seconds
  Import took 0,009356 seconds .

========================================================================
Received Import Request.
  Time since last request: 0,021788 seconds.
  path: Assets/imports/chicken_white_v1_0_by_diarandor-dbunq9g.png
  artifactKey: Guid(9454cd52531c2fb2895599aa94bb1936) Importer(815301076,1909f56bfc062723c751e8b465ee728b)
Start importing Assets/imports/chicken_white_v1_0_by_diarandor-dbunq9g.png using Guid(9454cd52531c2fb2895599aa94bb1936) Importer(815301076,1909f56bfc062723c751e8b465ee728b)  -> (artifact id: '485f9c393bc8724cd2d623739832f942') in 0,006849 seconds
  Import took 0,011435 seconds .

========================================================================
Received Import Request.
  Time since last request: 10,339185 seconds.
  path: Assets/imports/chicken_white_v1_0_by_diarandor-dbunq9g.png
  artifactKey: Guid(9454cd52531c2fb2895599aa94bb1936) Importer(815301076,1909f56bfc062723c751e8b465ee728b)
Start importing Assets/imports/chicken_white_v1_0_by_diarandor-dbunq9g.png using Guid(9454cd52531c2fb2895599aa94bb1936) Importer(815301076,1909f56bfc062723c751e8b465ee728b)  -> (artifact id: '7330f211a9bd68c56811465bf0fca062') in 0,007494 seconds
  Import took 0,012179 seconds .

========================================================================
Received Import Request.
  Time since last request: 22,559323 seconds.
  path: Assets/imports/chicken_white_v1_0_by_diarandor-dbunq9g.png
  artifactKey: Guid(9454cd52531c2fb2895599aa94bb1936) Importer(815301076,1909f56bfc062723c751e8b465ee728b)
Start importing Assets/imports/chicken_white_v1_0_by_diarandor-dbunq9g.png using Guid(9454cd52531c2fb2895599aa94bb1936) Importer(815301076,1909f56bfc062723c751e8b465ee728b)  -> (artifact id: 'ec7643e61d668aa9cf2c424368526038') in 0,062091 seconds
  Import took 0,067463 seconds .

========================================================================
Received Import Request.
  Time since last request: 179,043886 seconds.
  path: Assets/imports/egg.png
  artifactKey: Guid(480532026394eb7c39f16f2e8c3227f0) Importer(815301076,1909f56bfc062723c751e8b465ee728b)
Start importing Assets/imports/egg.png using Guid(480532026394eb7c39f16f2e8c3227f0) Importer(815301076,1909f56bfc062723c751e8b465ee728b)  -> (artifact id: '82fd4a7b0bba641c3e97c0ef3bf8da9b') in 0,012443 seconds
  Import took 0,016552 seconds .

========================================================================
Received Import Request.
  Time since last request: 49,817007 seconds.
  path: Assets/imports/egg.png
  artifactKey: Guid(480532026394eb7c39f16f2e8c3227f0) Importer(815301076,1909f56bfc062723c751e8b465ee728b)
Start importing Assets/imports/egg.png using Guid(480532026394eb7c39f16f2e8c3227f0) Importer(815301076,1909f56bfc062723c751e8b465ee728b)  -> (artifact id: '6378c734ee74f19ad1b8385527f1c724') in 0,010229 seconds
  Import took 0,015799 seconds .

========================================================================
Received Import Request.
  Time since last request: 113,591388 seconds.
  path: Assets/imports/egg.png
  artifactKey: Guid(480532026394eb7c39f16f2e8c3227f0) Importer(815301076,1909f56bfc062723c751e8b465ee728b)
Start importing Assets/imports/egg.png using Guid(480532026394eb7c39f16f2e8c3227f0) Importer(815301076,1909f56bfc062723c751e8b465ee728b)  -> (artifact id: '72c8871b92336cc91ba15837d584a67c') in 0,007131 seconds
  Import took 0,011355 seconds .

========================================================================
Received Import Request.
  Time since last request: 73,107213 seconds.
  path: Assets/imports/egg.png
  artifactKey: Guid(480532026394eb7c39f16f2e8c3227f0) Importer(815301076,1909f56bfc062723c751e8b465ee728b)
Start importing Assets/imports/egg.png using Guid(480532026394eb7c39f16f2e8c3227f0) Importer(815301076,1909f56bfc062723c751e8b465ee728b)  -> (artifact id: '8e11fe3dfd32f8f4a1df4f8234160c2d') in 0,009423 seconds
  Import took 0,013224 seconds .

========================================================================
Received Import Request.
  Time since last request: 211,822764 seconds.
  path: Assets/imports/egg (1).png
  artifactKey: Guid(2f9e8e248a71c0ffca964bb344f5c98f) Importer(815301076,1909f56bfc062723c751e8b465ee728b)
Start importing Assets/imports/egg (1).png using Guid(2f9e8e248a71c0ffca964bb344f5c98f) Importer(815301076,1909f56bfc062723c751e8b465ee728b)  -> (artifact id: 'ff04f7af54f56b6d3343d2f4247933f1') in 0,019232 seconds
  Import took 0,023975 seconds .

========================================================================
Received Import Request.
  Time since last request: 15,635198 seconds.
  path: Assets/imports/egg (1).png
  artifactKey: Guid(2f9e8e248a71c0ffca964bb344f5c98f) Importer(815301076,1909f56bfc062723c751e8b465ee728b)
Start importing Assets/imports/egg (1).png using Guid(2f9e8e248a71c0ffca964bb344f5c98f) Importer(815301076,1909f56bfc062723c751e8b465ee728b)  -> (artifact id: '25a01cd0225bd7cdd44bff07886930c4') in 0,005208 seconds
  Import took 0,009508 seconds .

========================================================================
Received Import Request.
  Time since last request: 0,029288 seconds.
  path: Assets/imports/egg (1).png
  artifactKey: Guid(2f9e8e248a71c0ffca964bb344f5c98f) Importer(815301076,1909f56bfc062723c751e8b465ee728b)
Start importing Assets/imports/egg (1).png using Guid(2f9e8e248a71c0ffca964bb344f5c98f) Importer(815301076,1909f56bfc062723c751e8b465ee728b)  -> (artifact id: '25a01cd0225bd7cdd44bff07886930c4') in 0,007697 seconds
  Import took 0,012422 seconds .

========================================================================
Received Import Request.
  Time since last request: 70,158113 seconds.
  path: Assets/imports/egg (1).png
  artifactKey: Guid(2f9e8e248a71c0ffca964bb344f5c98f) Importer(815301076,1909f56bfc062723c751e8b465ee728b)
Start importing Assets/imports/egg (1).png using Guid(2f9e8e248a71c0ffca964bb344f5c98f) Importer(815301076,1909f56bfc062723c751e8b465ee728b)  -> (artifact id: '3ed718643a0b2f4a6a4a457a0012d707') in 0,021368 seconds
  Import took 0,027103 seconds .

========================================================================
Received Import Request.
  Time since last request: 93,792050 seconds.
  path: Assets/imports/egg (1).png
  artifactKey: Guid(2f9e8e248a71c0ffca964bb344f5c98f) Importer(815301076,1909f56bfc062723c751e8b465ee728b)
Start importing Assets/imports/egg (1).png using Guid(2f9e8e248a71c0ffca964bb344f5c98f) Importer(815301076,1909f56bfc062723c751e8b465ee728b)  -> (artifact id: '2af1e9c39f00e4bfebeff39abaa6ba28') in 0,013991 seconds
  Import took 0,018163 seconds .

========================================================================
Received Import Request.
  Time since last request: 0,017074 seconds.
  path: Assets/imports/egg (1).png
  artifactKey: Guid(2f9e8e248a71c0ffca964bb344f5c98f) Importer(815301076,1909f56bfc062723c751e8b465ee728b)
Start importing Assets/imports/egg (1).png using Guid(2f9e8e248a71c0ffca964bb344f5c98f) Importer(815301076,1909f56bfc062723c751e8b465ee728b)  -> (artifact id: '2af1e9c39f00e4bfebeff39abaa6ba28') in 0,015162 seconds
  Import took 0,021910 seconds .

========================================================================
Received Import Request.
  Time since last request: 350,046366 seconds.
  path: Assets/imports/castledoors.png
  artifactKey: Guid(7de3876bc4b0ba9c9892e781a40d7d83) Importer(815301076,1909f56bfc062723c751e8b465ee728b)
Start importing Assets/imports/castledoors.png using Guid(7de3876bc4b0ba9c9892e781a40d7d83) Importer(815301076,1909f56bfc062723c751e8b465ee728b)  -> (artifact id: '0beccaaa95076bf1a3d87cce25bd66aa') in 0,017499 seconds
  Import took 0,023191 seconds .

========================================================================
Received Import Request.
  Time since last request: 23,364096 seconds.
  path: Assets/imports/castledoors.png
  artifactKey: Guid(7de3876bc4b0ba9c9892e781a40d7d83) Importer(815301076,1909f56bfc062723c751e8b465ee728b)
Start importing Assets/imports/castledoors.png using Guid(7de3876bc4b0ba9c9892e781a40d7d83) Importer(815301076,1909f56bfc062723c751e8b465ee728b)  -> (artifact id: '171a63ac5baef84f5f94df83e6f52e04') in 0,006777 seconds
  Import took 0,012459 seconds .

========================================================================
Received Import Request.
  Time since last request: 16,609816 seconds.
  path: Assets/imports/castledoors.png
  artifactKey: Guid(7de3876bc4b0ba9c9892e781a40d7d83) Importer(815301076,1909f56bfc062723c751e8b465ee728b)
Start importing Assets/imports/castledoors.png using Guid(7de3876bc4b0ba9c9892e781a40d7d83) Importer(815301076,1909f56bfc062723c751e8b465ee728b)  -> (artifact id: '30ccfeb48e12225912d8908bde24a2c0') in 0,048608 seconds
  Import took 0,053034 seconds .

========================================================================
Received Import Request.
  Time since last request: 178,239649 seconds.
  path: Assets/imports/castledoors.png
  artifactKey: Guid(7de3876bc4b0ba9c9892e781a40d7d83) Importer(815301076,1909f56bfc062723c751e8b465ee728b)
Start importing Assets/imports/castledoors.png using Guid(7de3876bc4b0ba9c9892e781a40d7d83) Importer(815301076,1909f56bfc062723c751e8b465ee728b)  -> (artifact id: '7cbf833e5dbea0f0a3ca7ef92abd0955') in 0,047603 seconds
  Import took 0,052479 seconds .

========================================================================
Received Import Request.
  Time since last request: 1583,049613 seconds.
  path: Assets/imports/egg (1).png
  artifactKey: Guid(2f9e8e248a71c0ffca964bb344f5c98f) Importer(815301076,1909f56bfc062723c751e8b465ee728b)
Start importing Assets/imports/egg (1).png using Guid(2f9e8e248a71c0ffca964bb344f5c98f) Importer(815301076,1909f56bfc062723c751e8b465ee728b)  -> (artifact id: 'dd740c2bb7739a15d9da52f588569c30') in 0,023455 seconds
  Import took 0,029589 seconds .

========================================================================
Received Import Request.
  Time since last request: 23,870709 seconds.
  path: Assets/imports/egg (1).png
  artifactKey: Guid(2f9e8e248a71c0ffca964bb344f5c98f) Importer(815301076,1909f56bfc062723c751e8b465ee728b)
Start importing Assets/imports/egg (1).png using Guid(2f9e8e248a71c0ffca964bb344f5c98f) Importer(815301076,1909f56bfc062723c751e8b465ee728b)  -> (artifact id: 'cb0d3d364f10b10a62bb8bf304706bc1') in 0,019832 seconds
  Import took 0,028920 seconds .

========================================================================
Received Import Request.
  Time since last request: 0,020261 seconds.
  path: Assets/imports/egg (1).png
  artifactKey: Guid(2f9e8e248a71c0ffca964bb344f5c98f) Importer(815301076,1909f56bfc062723c751e8b465ee728b)
Start importing Assets/imports/egg (1).png using Guid(2f9e8e248a71c0ffca964bb344f5c98f) Importer(815301076,1909f56bfc062723c751e8b465ee728b)  -> (artifact id: 'cb0d3d364f10b10a62bb8bf304706bc1') in 0,026036 seconds
  Import took 0,033310 seconds .

AssetImportWorkerClient::OnTransportError - code=2 error=End of file
